# JRE version: OpenJDK Runtime Environment (14.0.2+13) (build 14.0.2+13)
# Java VM: OpenJDK 64-Bit Server VM (14.0.2+13, mixed mode, sharing, tiered, compressed oops, g1 gc, linux-amd64)
Heap:
 garbage-first heap   total 605184K, used 135466K [0x0000000085c00000, 0x0000000100000000)
  region size 1024K, 1 young (1024K), 1 survivors (1024K)
 Metaspace       used 4632K, capacity 6942K, committed 7296K, reserved 1056768K
  class space    used 539K, capacity 764K, committed 896K, reserved 1048576K
GC Heap History (8 events):
Event: 3,992 GC heap before
{Heap before GC invocations=0 (full 0):
 garbage-first heap   total 129024K, used 51040K [0x0000000085c00000, 0x0000000100000000)
  region size 1024K, 13 young (13312K), 0 survivors (0K)
 Metaspace       used 4636K, capacity 6951K, committed 7296K, reserved 1056768K
  class space    used 540K, capacity 767K, committed 896K, reserved 1048576K
}
Event: 3,995 GC heap after
{Heap after GC invocations=1 (full 0):
 garbage-first heap   total 129024K, used 20795K [0x0000000085c00000, 0x0000000100000000)
  region size 1024K, 3 young (3072K), 3 survivors (3072K)
 Metaspace       used 4636K, capacity 6951K, committed 7296K, reserved 1056768K
  class space    used 540K, capacity 767K, committed 896K, reserved 1048576K
}
Event: 4,050 GC heap before
{Heap before GC invocations=2 (full 0):
 garbage-first heap   total 129024K, used 54587K [0x0000000085c00000, 0x0000000100000000)
  region size 1024K, 4 young (4096K), 3 survivors (3072K)
 Metaspace       used 4637K, capacity 6951K, committed 7296K, reserved 1056768K
  class space    used 540K, capacity 767K, committed 896K, reserved 1048576K
}
Event: 4,052 GC heap after
{Heap after GC invocations=3 (full 0):
 garbage-first heap   total 129024K, used 37262K [0x0000000085c00000, 0x0000000100000000)
  region size 1024K, 1 young (1024K), 1 survivors (1024K)
 Metaspace       used 4637K, capacity 6951K, committed 7296K, reserved 1056768K
  class space    used 540K, capacity 767K, committed 896K, reserved 1048576K
}
Event: 4,140 GC heap before
{Heap before GC invocations=4 (full 0):
 garbage-first heap   total 195584K, used 103822K [0x0000000085c00000, 0x0000000100000000)
  region size 1024K, 2 young (2048K), 1 survivors (1024K)
 Metaspace       used 4638K, capacity 6951K, committed 7296K, reserved 1056768K
  class space    used 541K, capacity 767K, committed 896K, reserved 1048576K
}
Event: 4,141 GC heap after
{Heap after GC invocations=5 (full 0):
 garbage-first heap   total 195584K, used 70003K [0x0000000085c00000, 0x0000000100000000)
  region size 1024K, 1 young (1024K), 1 survivors (1024K)
 Metaspace       used 4638K, capacity 6951K, committed 7296K, reserved 1056768K
  class space    used 541K, capacity 767K, committed 896K, reserved 1048576K
}
Event: 4,340 GC heap before
{Heap before GC invocations=6 (full 0):
 garbage-first heap   total 342016K, used 202099K [0x0000000085c00000, 0x0000000100000000)
  region size 1024K, 2 young (2048K), 1 survivors (1024K)
 Metaspace       used 4632K, capacity 6942K, committed 7296K, reserved 1056768K
  class space    used 539K, capacity 764K, committed 896K, reserved 1048576K
}
Event: 4,351 GC heap after
{Heap after GC invocations=7 (full 0):
 garbage-first heap   total 342016K, used 135466K [0x0000000085c00000, 0x0000000100000000)
  region size 1024K, 1 young (1024K), 1 survivors (1024K)
 Metaspace       used 4632K, capacity 6942K, committed 7296K, reserved 1056768K
  class space    used 539K, capacity 764K, committed 896K, reserved 1048576K
}

